AH00112: Warning: DocumentRoot [/home/vagrant/Simpleo/public] does not exist
AH00558: apache2: Could not reliably determine the server's fully qualified domain name, using 172.21.0.4. Set the 'ServerName' directive globally to suppress this message
[Sun Dec 09 16:40:12.235564 2018] [mpm_prefork:notice] [pid 1] AH00163: Apache/2.4.10 (Debian) configured -- resuming normal operations
[Sun Dec 09 16:40:12.235619 2018] [core:notice] [pid 1] AH00094: Command line: 'apache2 -D FOREGROUND'
[Sun Dec 09 16:43:14.246931 2018] [mpm_prefork:notice] [pid 1] AH00169: caught SIGTERM, shutting down
AH00112: Warning: DocumentRoot [/var/www/html/public] does not exist
AH00558: apache2: Could not reliably determine the server's fully qualified domain name, using 172.22.0.4. Set the 'ServerName' directive globally to suppress this message
[Sun Dec 09 16:43:22.426400 2018] [mpm_prefork:notice] [pid 1] AH00163: Apache/2.4.10 (Debian) configured -- resuming normal operations
[Sun Dec 09 16:43:22.426457 2018] [core:notice] [pid 1] AH00094: Command line: 'apache2 -D FOREGROUND'
[Sun Dec 09 16:43:36.046456 2018] [mpm_prefork:notice] [pid 1] AH00169: caught SIGTERM, shutting down
AH00558: apache2: Could not reliably determine the server's fully qualified domain name, using 172.23.0.4. Set the 'ServerName' directive globally to suppress this message
[Sun Dec 09 16:44:46.705869 2018] [mpm_prefork:notice] [pid 1] AH00163: Apache/2.4.10 (Debian) configured -- resuming normal operations
[Sun Dec 09 16:44:46.705935 2018] [core:notice] [pid 1] AH00094: Command line: 'apache2 -D FOREGROUND'
AH00112: Warning: DocumentRoot [/var/www/html/Simpleo/public] does not exist
AH00558: apache2: Could not reliably determine the server's fully qualified domain name, using 172.25.0.4. Set the 'ServerName' directive globally to suppress this message
[Sun Dec 09 17:22:45.524399 2018] [mpm_prefork:notice] [pid 1] AH00163: Apache/2.4.25 (Debian) configured -- resuming normal operations
[Sun Dec 09 17:22:45.524484 2018] [core:notice] [pid 1] AH00094: Command line: 'apache2 -D FOREGROUND'
[Sun Dec 09 17:29:08.642483 2018] [mpm_prefork:notice] [pid 1] AH00169: caught SIGTERM, shutting down
AH00558: apache2: Could not reliably determine the server's fully qualified domain name, using 172.26.0.4. Set the 'ServerName' directive globally to suppress this message
[Sun Dec 09 17:29:16.557340 2018] [mpm_prefork:notice] [pid 1] AH00163: Apache/2.4.25 (Debian) configured -- resuming normal operations
[Sun Dec 09 17:29:16.557419 2018] [core:notice] [pid 1] AH00094: Command line: 'apache2 -D FOREGROUND'
[Sun Dec 09 17:29:20.933888 2018] [mpm_prefork:notice] [pid 1] AH00169: caught SIGTERM, shutting down
AH00558: apache2: Could not reliably determine the server's fully qualified domain name, using 172.27.0.4. Set the 'ServerName' directive globally to suppress this message
[Sun Dec 09 17:29:29.450300 2018] [mpm_prefork:notice] [pid 1] AH00163: Apache/2.4.25 (Debian) configured -- resuming normal operations
[Sun Dec 09 17:29:29.450384 2018] [core:notice] [pid 1] AH00094: Command line: 'apache2 -D FOREGROUND'
[Sun Dec 09 17:31:16.240516 2018] [mpm_prefork:notice] [pid 1] AH00169: caught SIGTERM, shutting down
AH00558: apache2: Could not reliably determine the server's fully qualified domain name, using 172.28.0.4. Set the 'ServerName' directive globally to suppress this message
[Sun Dec 09 17:31:22.671856 2018] [mpm_prefork:notice] [pid 1] AH00163: Apache/2.4.25 (Debian) configured -- resuming normal operations
[Sun Dec 09 17:31:22.671927 2018] [core:notice] [pid 1] AH00094: Command line: 'apache2 -D FOREGROUND'
